Using pre-set license
Built from '2020.3/staging' branch; Version is '2020.3.19f1 (68f137dc9bbe) revision 6877495'; Using compiler version '192528614'; Build Type 'Release'
OS: 'Windows 10 Education; OS build 19041.1237; Version 2004; 64bit' Language: 'en' Physical Memory: 16296 MB
BatchMode: 1, IsHumanControllingUs: 0, StartBugReporterOnCrash: 0, Is64bit: 1, IsPro: 0

COMMAND LINE ARGUMENTS:
C:\Program Files\Unity\Hub\Editor\2020.3.19f1\Editor\Unity.exe
-adb2
-batchMode
-noUpm
-name
AssetImportWorker0
-projectPath
F:/Dilogame_Project/Incremental Game_bkup
-logFile
Logs/AssetImportWorker0.log
-srvPort
59533
Successfully changed project path to: F:/Dilogame_Project/Incremental Game_bkup
F:/Dilogame_Project/Incremental Game_bkup
Using Asset Import Pipeline V2.
Refreshing native plugins compatible for Editor in 48.03 ms, found 3 plugins.
Preloading 0 native plugins for Editor in 0.00 ms.
Initialize engine version: 2020.3.19f1 (68f137dc9bbe)
[Subsystems] Discovering subsystems at path C:/Program Files/Unity/Hub/Editor/2020.3.19f1/Editor/Data/Resources/UnitySubsystems
[Subsystems] Discovering subsystems at path F:/Dilogame_Project/Incremental Game_bkup/Assets
GfxDevice: creating device client; threaded=0
Direct3D:
    Version:  Direct3D 11.0 [level 11.1]
    Renderer: Intel(R) HD Graphics 630 (ID=0x5912)
    Vendor:   
    VRAM:     8148 MB
    Driver:   27.20.100.8280
Initialize mono
Mono path[0] = 'C:/Program Files/Unity/Hub/Editor/2020.3.19f1/Editor/Data/Managed'
Mono path[1] = 'C:/Program Files/Unity/Hub/Editor/2020.3.19f1/Editor/Data/MonoBleedingEdge/lib/mono/unityjit'
Mono config path = 'C:/Program Files/Unity/Hub/Editor/2020.3.19f1/Editor/Data/MonoBleedingEdge/etc'
Using monoOptions --debugger-agent=transport=dt_socket,embedding=1,server=y,suspend=n,address=127.0.0.1:56996
Begin MonoManager ReloadAssembly
Registering precompiled unity dll's ...
Register platform support module: C:/Program Files/Unity/Hub/Editor/2020.3.19f1/Editor/Data/PlaybackEngines/WindowsStandaloneSupport/UnityEditor.WindowsStandalone.Extensions.dll
Registered in 0.002357 seconds.
Native extension for WindowsStandalone target not found
Refreshing native plugins compatible for Editor in 38.62 ms, found 3 plugins.
Preloading 0 native plugins for Editor in 0.00 ms.
Mono: successfully reloaded assembly
- Completed reload, in  1.038 seconds
Domain Reload Profiling:
	ReloadAssembly (1038ms)
		BeginReloadAssembly (55ms)
			ExecutionOrderSort (0ms)
			DisableScriptedObjects (0ms)
			BackupInstance (0ms)
			ReleaseScriptingObjects (0ms)
			CreateAndSetChildDomain (1ms)
		EndReloadAssembly (398ms)
			LoadAssemblies (53ms)
			RebuildTransferFunctionScriptingTraits (0ms)
			SetupTypeCache (150ms)
			ReleaseScriptCaches (0ms)
			RebuildScriptCaches (30ms)
			SetupLoadedEditorAssemblies (155ms)
				LogAssemblyErrors (0ms)
				InitializePlatformSupportModulesInManaged (4ms)
				SetLoadedEditorAssemblies (0ms)
				RefreshPlugins (39ms)
				BeforeProcessingInitializeOnLoad (12ms)
				ProcessInitializeOnLoadAttributes (75ms)
				ProcessInitializeOnLoadMethodAttributes (25ms)
				AfterProcessingInitializeOnLoad (0ms)
				EditorAssembliesLoaded (0ms)
			ExecutionOrderSort2 (0ms)
			AwakeInstancesAfterBackupRestoration (0ms)
Platform modules already initialized, skipping
Registering precompiled user dll's ...
Registered in 0.002561 seconds.
Begin MonoManager ReloadAssembly
Native extension for WindowsStandalone target not found
Refreshing native plugins compatible for Editor in 36.71 ms, found 3 plugins.
Preloading 0 native plugins for Editor in 0.00 ms.
Mono: successfully reloaded assembly
- Completed reload, in  1.047 seconds
Domain Reload Profiling:
	ReloadAssembly (1048ms)
		BeginReloadAssembly (144ms)
			ExecutionOrderSort (0ms)
			DisableScriptedObjects (4ms)
			BackupInstance (0ms)
			ReleaseScriptingObjects (0ms)
			CreateAndSetChildDomain (19ms)
		EndReloadAssembly (845ms)
			LoadAssemblies (84ms)
			RebuildTransferFunctionScriptingTraits (0ms)
			SetupTypeCache (280ms)
			ReleaseScriptCaches (1ms)
			RebuildScriptCaches (44ms)
			SetupLoadedEditorAssemblies (324ms)
				LogAssemblyErrors (0ms)
				InitializePlatformSupportModulesInManaged (4ms)
				SetLoadedEditorAssemblies (0ms)
				RefreshPlugins (37ms)
				BeforeProcessingInitializeOnLoad (70ms)
				ProcessInitializeOnLoadAttributes (194ms)
				ProcessInitializeOnLoadMethodAttributes (12ms)
				AfterProcessingInitializeOnLoad (7ms)
				EditorAssembliesLoaded (0ms)
			ExecutionOrderSort2 (0ms)
			AwakeInstancesAfterBackupRestoration (6ms)
Platform modules already initialized, skipping
========================================================================
Worker process is ready to serve import requests
Launched and connected shader compiler UnityShaderCompiler.exe after 0.05 seconds
Refreshing native plugins compatible for Editor in 0.42 ms, found 3 plugins.
Preloading 0 native plugins for Editor in 0.00 ms.
Unloading 2096 Unused Serialized files (Serialized files now loaded: 0)
System memory in use before: 93.3 MB.
System memory in use after: 93.4 MB.

Unloading 26 unused Assets to reduce memory usage. Loaded Objects now: 2537.
Total: 3.640100 ms (FindLiveObjects: 0.256000 ms CreateObjectMapping: 0.080900 ms MarkObjects: 3.232600 ms  DeleteObjects: 0.069000 ms)

AssetImportParameters requested are different than current active one (requested -> active):
  custom:framework-win-MediaFoundation: 216162199b28c13a410421893ffa2e32 -> 
  custom:video-decoder-ogg-theora: a1e56fd34408186e4bbccfd4996cb3dc -> 
  custom:container-muxer-webm: aa71ff27fc2769a1b78a27578f13a17b -> 
  custom:container-demuxer-webm: 4f35f7cbe854078d1ac9338744f61a02 -> 
  custom:container-demuxer-ogg: 62fdf1f143b41e24485cea50d1cbac27 -> 
  custom:video-encoder-webm-vp8: eb34c28f22e8b96e1ab97ce403110664 -> 
  custom:video-decoder-webm-vp8: 9c59270c3fd7afecdb556c50c9e8de78 -> 
  custom:audio-decoder-ogg-vorbis: bf7c407c2cedff20999df2af8eb42d56 -> 
  custom:audio-encoder-webm-vorbis: bf7c407c2cedff20999df2af8eb42d56 -> 
========================================================================
Received Import Request.
  path: Assets/Scenes/Incremental Game.unity
  artifactKey: Guid(7eae01a2afbddf54bb827c018afeef96) Importer(815301076,1909f56bfc062723c751e8b465ee728b)
Start importing Assets/Scenes/Incremental Game.unity using Guid(7eae01a2afbddf54bb827c018afeef96) Importer(815301076,1909f56bfc062723c751e8b465ee728b)  -> (artifact id: '8d860858200e702dd4a6e9fccd7429d5') in 0.009751 seconds 
  Import took 0.013367 seconds .

========================================================================
Received Import Request.
  Time since last request: 34.811226 seconds.
  path: Assets/Prefabs/Resource UI.prefab
  artifactKey: Guid(d37c4316a08ccea44b0e4f6b9809c4f3) Importer(815301076,1909f56bfc062723c751e8b465ee728b)
Start importing Assets/Prefabs/Resource UI.prefab using Guid(d37c4316a08ccea44b0e4f6b9809c4f3) Importer(815301076,1909f56bfc062723c751e8b465ee728b)  -> (artifact id: 'd28ff316e5f258503d761ca1feb40751') in 0.058428 seconds 
  Import took 0.062116 seconds .

========================================================================
Received Import Request.
  Time since last request: 88.477919 seconds.
  path: Assets/Prefabs/Resource UI.prefab
  artifactKey: Guid(d37c4316a08ccea44b0e4f6b9809c4f3) Importer(815301076,1909f56bfc062723c751e8b465ee728b)
Start importing Assets/Prefabs/Resource UI.prefab using Guid(d37c4316a08ccea44b0e4f6b9809c4f3) Importer(815301076,1909f56bfc062723c751e8b465ee728b)  -> (artifact id: 'a560e9c4c62c7af9511c158b6028f228') in 0.004853 seconds 
  Import took 0.008828 seconds .

========================================================================
Received Import Request.
  Time since last request: 121.985096 seconds.
  path: Assets/Prefabs/Resource UI.prefab
  artifactKey: Guid(d37c4316a08ccea44b0e4f6b9809c4f3) Importer(815301076,1909f56bfc062723c751e8b465ee728b)
Start importing Assets/Prefabs/Resource UI.prefab using Guid(d37c4316a08ccea44b0e4f6b9809c4f3) Importer(815301076,1909f56bfc062723c751e8b465ee728b)  -> (artifact id: '5c99416b3d4ec43059966de2b9fa6acb') in 0.004773 seconds 
  Import took 0.008294 seconds .

========================================================================
Received Import Request.
  Time since last request: 2.668877 seconds.
  path: Assets/Prefabs/Resource UI.prefab
  artifactKey: Guid(d37c4316a08ccea44b0e4f6b9809c4f3) Importer(815301076,1909f56bfc062723c751e8b465ee728b)
Start importing Assets/Prefabs/Resource UI.prefab using Guid(d37c4316a08ccea44b0e4f6b9809c4f3) Importer(815301076,1909f56bfc062723c751e8b465ee728b)  -> (artifact id: 'b78a29c77c998e3f51d4e146fa26bf10') in 0.004564 seconds 
  Import took 0.008311 seconds .

========================================================================
Received Import Request.
  Time since last request: 18.156453 seconds.
  path: Assets/Prefabs/Resource UI.prefab
  artifactKey: Guid(d37c4316a08ccea44b0e4f6b9809c4f3) Importer(815301076,1909f56bfc062723c751e8b465ee728b)
Start importing Assets/Prefabs/Resource UI.prefab using Guid(d37c4316a08ccea44b0e4f6b9809c4f3) Importer(815301076,1909f56bfc062723c751e8b465ee728b)  -> (artifact id: '6fb4f1f47b3bff41afe0eb2acfb30e88') in 0.004472 seconds 
  Import took 0.018310 seconds .

========================================================================
Received Import Request.
  Time since last request: 99.719937 seconds.
  path: Assets/Prefabs/Resource UI.prefab
  artifactKey: Guid(d37c4316a08ccea44b0e4f6b9809c4f3) Importer(815301076,1909f56bfc062723c751e8b465ee728b)
Start importing Assets/Prefabs/Resource UI.prefab using Guid(d37c4316a08ccea44b0e4f6b9809c4f3) Importer(815301076,1909f56bfc062723c751e8b465ee728b)  -> (artifact id: '0366e63df190b00d4c33ef76afa9aef9') in 0.005040 seconds 
  Import took 0.008781 seconds .

========================================================================
Received Import Request.
  Time since last request: 29.133748 seconds.
  path: Assets/Prefabs/Resource UI.prefab
  artifactKey: Guid(d37c4316a08ccea44b0e4f6b9809c4f3) Importer(815301076,1909f56bfc062723c751e8b465ee728b)
Start importing Assets/Prefabs/Resource UI.prefab using Guid(d37c4316a08ccea44b0e4f6b9809c4f3) Importer(815301076,1909f56bfc062723c751e8b465ee728b)  -> (artifact id: '48fa3dba1febedee50aac5c6a0693440') in 0.003651 seconds 
  Import took 0.023427 seconds .

========================================================================
Received Import Request.
  Time since last request: 2.860834 seconds.
  path: Assets/Prefabs/Resource UI.prefab
  artifactKey: Guid(d37c4316a08ccea44b0e4f6b9809c4f3) Importer(815301076,1909f56bfc062723c751e8b465ee728b)
Start importing Assets/Prefabs/Resource UI.prefab using Guid(d37c4316a08ccea44b0e4f6b9809c4f3) Importer(815301076,1909f56bfc062723c751e8b465ee728b)  -> (artifact id: 'fc695a9a6956c609796eb4edc084dc81') in 0.005427 seconds 
  Import took 0.010318 seconds .

========================================================================
Received Import Request.
  Time since last request: 19.433152 seconds.
  path: Assets/Prefabs/Resource UI.prefab
  artifactKey: Guid(d37c4316a08ccea44b0e4f6b9809c4f3) Importer(815301076,1909f56bfc062723c751e8b465ee728b)
Start importing Assets/Prefabs/Resource UI.prefab using Guid(d37c4316a08ccea44b0e4f6b9809c4f3) Importer(815301076,1909f56bfc062723c751e8b465ee728b)  -> (artifact id: 'eb4f4dc99443efa022bdeefafa0ef8d7') in 0.006256 seconds 
  Import took 0.010923 seconds .

========================================================================
Received Import Request.
  Time since last request: 19.123539 seconds.
  path: Assets/Prefabs/Resource UI.prefab
  artifactKey: Guid(d37c4316a08ccea44b0e4f6b9809c4f3) Importer(815301076,1909f56bfc062723c751e8b465ee728b)
Start importing Assets/Prefabs/Resource UI.prefab using Guid(d37c4316a08ccea44b0e4f6b9809c4f3) Importer(815301076,1909f56bfc062723c751e8b465ee728b)  -> (artifact id: '5816a52673885f6a89c44c2e8c668aea') in 0.004330 seconds 
  Import took 0.008510 seconds .

========================================================================
Received Import Request.
  Time since last request: 57.498999 seconds.
  path: Assets/Prefabs/Resource UI.prefab
  artifactKey: Guid(d37c4316a08ccea44b0e4f6b9809c4f3) Importer(815301076,1909f56bfc062723c751e8b465ee728b)
Start importing Assets/Prefabs/Resource UI.prefab using Guid(d37c4316a08ccea44b0e4f6b9809c4f3) Importer(815301076,1909f56bfc062723c751e8b465ee728b)  -> (artifact id: 'f7e30da08df83edd1b57d48ac4dfbfdb') in 0.004807 seconds 
  Import took 0.023844 seconds .

========================================================================
Received Import Request.
  Time since last request: 27.257668 seconds.
  path: Assets/Prefabs/Resource UI.prefab
  artifactKey: Guid(d37c4316a08ccea44b0e4f6b9809c4f3) Importer(815301076,1909f56bfc062723c751e8b465ee728b)
Start importing Assets/Prefabs/Resource UI.prefab using Guid(d37c4316a08ccea44b0e4f6b9809c4f3) Importer(815301076,1909f56bfc062723c751e8b465ee728b)  -> (artifact id: 'd6e981af38c2a975217e72456f5b3bf8') in 0.007572 seconds 
  Import took 0.012984 seconds .

========================================================================
Received Import Request.
  Time since last request: 8.271536 seconds.
  path: Assets/Prefabs/Resource UI.prefab
  artifactKey: Guid(d37c4316a08ccea44b0e4f6b9809c4f3) Importer(815301076,1909f56bfc062723c751e8b465ee728b)
Start importing Assets/Prefabs/Resource UI.prefab using Guid(d37c4316a08ccea44b0e4f6b9809c4f3) Importer(815301076,1909f56bfc062723c751e8b465ee728b)  -> (artifact id: '37437389ffba3c49cca80ecc4ec7d192') in 0.003988 seconds 
  Import took 0.007634 seconds .

========================================================================
Received Import Request.
  Time since last request: 22.396947 seconds.
  path: Assets/Prefabs/Resource UI.prefab
  artifactKey: Guid(d37c4316a08ccea44b0e4f6b9809c4f3) Importer(815301076,1909f56bfc062723c751e8b465ee728b)
Start importing Assets/Prefabs/Resource UI.prefab using Guid(d37c4316a08ccea44b0e4f6b9809c4f3) Importer(815301076,1909f56bfc062723c751e8b465ee728b)  -> (artifact id: '2504b29c44101e0f99f30a4a03cc4f11') in 0.005448 seconds 
  Import took 0.009319 seconds .

========================================================================
Received Import Request.
  Time since last request: 12.822840 seconds.
  path: Assets/Prefabs/Resource UI.prefab
  artifactKey: Guid(d37c4316a08ccea44b0e4f6b9809c4f3) Importer(815301076,1909f56bfc062723c751e8b465ee728b)
Start importing Assets/Prefabs/Resource UI.prefab using Guid(d37c4316a08ccea44b0e4f6b9809c4f3) Importer(815301076,1909f56bfc062723c751e8b465ee728b)  -> (artifact id: 'b936119c093ec9f9e28f7343f90b2964') in 0.005191 seconds 
  Import took 0.009163 seconds .

========================================================================
Received Prepare
Registering precompiled user dll's ...
Registered in 0.002859 seconds.
Begin MonoManager ReloadAssembly
Native extension for WindowsStandalone target not found
Refreshing native plugins compatible for Editor in 0.54 ms, found 3 plugins.
Preloading 0 native plugins for Editor in 0.00 ms.
Mono: successfully reloaded assembly
- Completed reload, in  1.045 seconds
Domain Reload Profiling:
	ReloadAssembly (1046ms)
		BeginReloadAssembly (125ms)
			ExecutionOrderSort (0ms)
			DisableScriptedObjects (8ms)
			BackupInstance (0ms)
			ReleaseScriptingObjects (0ms)
			CreateAndSetChildDomain (43ms)
		EndReloadAssembly (860ms)
			LoadAssemblies (85ms)
			RebuildTransferFunctionScriptingTraits (0ms)
			SetupTypeCache (285ms)
			ReleaseScriptCaches (1ms)
			RebuildScriptCaches (46ms)
			SetupLoadedEditorAssemblies (340ms)
				LogAssemblyErrors (0ms)
				InitializePlatformSupportModulesInManaged (5ms)
				SetLoadedEditorAssemblies (1ms)
				RefreshPlugins (1ms)
				BeforeProcessingInitializeOnLoad (102ms)
				ProcessInitializeOnLoadAttributes (220ms)
				ProcessInitializeOnLoadMethodAttributes (5ms)
				AfterProcessingInitializeOnLoad (7ms)
				EditorAssembliesLoaded (0ms)
			ExecutionOrderSort2 (0ms)
			AwakeInstancesAfterBackupRestoration (10ms)
Platform modules already initialized, skipping
Refreshing native plugins compatible for Editor in 0.48 ms, found 3 plugins.
Preloading 0 native plugins for Editor in 0.00 ms.
Unloading 2086 Unused Serialized files (Serialized files now loaded: 0)
System memory in use before: 92.8 MB.
System memory in use after: 92.9 MB.

Unloading 15 unused Assets to reduce memory usage. Loaded Objects now: 2542.
Total: 3.237900 ms (FindLiveObjects: 0.184500 ms CreateObjectMapping: 0.062200 ms MarkObjects: 2.945400 ms  DeleteObjects: 0.044800 ms)

AssetImportParameters requested are different than current active one (requested -> active):
  custom:framework-win-MediaFoundation: 216162199b28c13a410421893ffa2e32 -> 
  custom:video-decoder-ogg-theora: a1e56fd34408186e4bbccfd4996cb3dc -> 
  custom:container-muxer-webm: aa71ff27fc2769a1b78a27578f13a17b -> 
  custom:container-demuxer-webm: 4f35f7cbe854078d1ac9338744f61a02 -> 
  custom:container-demuxer-ogg: 62fdf1f143b41e24485cea50d1cbac27 -> 
  custom:video-encoder-webm-vp8: eb34c28f22e8b96e1ab97ce403110664 -> 
  custom:video-decoder-webm-vp8: 9c59270c3fd7afecdb556c50c9e8de78 -> 
  custom:audio-decoder-ogg-vorbis: bf7c407c2cedff20999df2af8eb42d56 -> 
  custom:audio-encoder-webm-vorbis: bf7c407c2cedff20999df2af8eb42d56 -> 
========================================================================
Received Prepare
Registering precompiled user dll's ...
Registered in 0.002794 seconds.
Begin MonoManager ReloadAssembly
Native extension for WindowsStandalone target not found
Refreshing native plugins compatible for Editor in 0.42 ms, found 3 plugins.
Preloading 0 native plugins for Editor in 0.00 ms.
Mono: successfully reloaded assembly
- Completed reload, in  0.961 seconds
Domain Reload Profiling:
	ReloadAssembly (961ms)
		BeginReloadAssembly (105ms)
			ExecutionOrderSort (0ms)
			DisableScriptedObjects (7ms)
			BackupInstance (0ms)
			ReleaseScriptingObjects (0ms)
			CreateAndSetChildDomain (32ms)
		EndReloadAssembly (794ms)
			LoadAssemblies (89ms)
			RebuildTransferFunctionScriptingTraits (0ms)
			SetupTypeCache (266ms)
			ReleaseScriptCaches (1ms)
			RebuildScriptCaches (43ms)
			SetupLoadedEditorAssemblies (290ms)
				LogAssemblyErrors (0ms)
				InitializePlatformSupportModulesInManaged (5ms)
				SetLoadedEditorAssemblies (0ms)
				RefreshPlugins (1ms)
				BeforeProcessingInitializeOnLoad (83ms)
				ProcessInitializeOnLoadAttributes (182ms)
				ProcessInitializeOnLoadMethodAttributes (8ms)
				AfterProcessingInitializeOnLoad (10ms)
				EditorAssembliesLoaded (0ms)
			ExecutionOrderSort2 (0ms)
			AwakeInstancesAfterBackupRestoration (12ms)
Platform modules already initialized, skipping
Refreshing native plugins compatible for Editor in 0.50 ms, found 3 plugins.
Preloading 0 native plugins for Editor in 0.00 ms.
Unloading 2086 Unused Serialized files (Serialized files now loaded: 0)
System memory in use before: 92.9 MB.
System memory in use after: 93.0 MB.

Unloading 14 unused Assets to reduce memory usage. Loaded Objects now: 2545.
Total: 2.933400 ms (FindLiveObjects: 0.188100 ms CreateObjectMapping: 0.071100 ms MarkObjects: 2.657400 ms  DeleteObjects: 0.015900 ms)

AssetImportParameters requested are different than current active one (requested -> active):
  custom:framework-win-MediaFoundation: 216162199b28c13a410421893ffa2e32 -> 
  custom:video-decoder-ogg-theora: a1e56fd34408186e4bbccfd4996cb3dc -> 
  custom:container-muxer-webm: aa71ff27fc2769a1b78a27578f13a17b -> 
  custom:container-demuxer-webm: 4f35f7cbe854078d1ac9338744f61a02 -> 
  custom:container-demuxer-ogg: 62fdf1f143b41e24485cea50d1cbac27 -> 
  custom:video-encoder-webm-vp8: eb34c28f22e8b96e1ab97ce403110664 -> 
  custom:video-decoder-webm-vp8: 9c59270c3fd7afecdb556c50c9e8de78 -> 
  custom:audio-decoder-ogg-vorbis: bf7c407c2cedff20999df2af8eb42d56 -> 
  custom:audio-encoder-webm-vorbis: bf7c407c2cedff20999df2af8eb42d56 -> 
AssetImportWorkerClient::OnTransportError - code=2 error=End of file
